This is XeTeX, Version 3.141592653-2.6-0.999995 (MiKTeX 23.5) (preloaded format=xelatex 2024.1.14)  16 JAN 2024 12:30
entering extended mode
 \write18 enabled.
 %&-line parsing enabled.
**./Chapter2.tex
(Chapter2.tex
LaTeX2e <2023-06-01> patch level 1
L3 programming layer <2023-08-29>
(C:\Program Files\MiKTeX\tex/latex/base\article.cls
Document Class: article 2023/05/17 v1.4n Standard LaTeX document class
(C:\Program Files\MiKTeX\tex/latex/base\size12.clo
File: size12.clo 2023/05/17 v1.4n Standard LaTeX file (size option)
)
\c@part=\count181
\c@section=\count182
\c@subsection=\count183
\c@subsubsection=\count184
\c@paragraph=\count185
\c@subparagraph=\count186
\c@figure=\count187
\c@table=\count188
\abovecaptionskip=\skip48
\belowcaptionskip=\skip49
\bibindent=\dimen140
)
(C:\Program Files\MiKTeX\tex/latex/amsfonts\amssymb.sty
Package: amssymb 2013/01/14 v3.01 AMS font symbols

(C:\Program Files\MiKTeX\tex/latex/amsfonts\amsfonts.sty
Package: amsfonts 2013/01/14 v3.01 Basic AMSFonts support
\@emptytoks=\toks17
\symAMSa=\mathgroup4
\symAMSb=\mathgroup5
LaTeX Font Info:    Redeclaring math symbol \hbar on input line 98.
LaTeX Font Info:    Overwriting math alphabet `\mathfrak' in version `bold'
(Font)                  U/euf/m/n --> U/euf/b/n on input line 106.
))
(C:\Program Files\MiKTeX\tex/latex/amsmath\amsmath.sty
Package: amsmath 2023/05/13 v2.17o AMS math features
\@mathmargin=\skip50

For additional information on amsmath, use the `?' option.
(C:\Program Files\MiKTeX\tex/latex/amsmath\amstext.sty
Package: amstext 2021/08/26 v2.01 AMS text

(C:\Program Files\MiKTeX\tex/latex/amsmath\amsgen.sty
File: amsgen.sty 1999/11/30 v2.0 generic functions
\@emptytoks=\toks18
\ex@=\dimen141
))
(C:\Program Files\MiKTeX\tex/latex/amsmath\amsbsy.sty
Package: amsbsy 1999/11/29 v1.2d Bold Symbols
\pmbraise@=\dimen142
)
(C:\Program Files\MiKTeX\tex/latex/amsmath\amsopn.sty
Package: amsopn 2022/04/08 v2.04 operator names
)
\inf@bad=\count189
LaTeX Info: Redefining \frac on input line 234.
\uproot@=\count190
\leftroot@=\count191
LaTeX Info: Redefining \overline on input line 399.
LaTeX Info: Redefining \colon on input line 410.
\classnum@=\count192
\DOTSCASE@=\count193
LaTeX Info: Redefining \ldots on input line 496.
LaTeX Info: Redefining \dots on input line 499.
LaTeX Info: Redefining \cdots on input line 620.
\Mathstrutbox@=\box51
\strutbox@=\box52
LaTeX Info: Redefining \big on input line 722.
LaTeX Info: Redefining \Big on input line 723.
LaTeX Info: Redefining \bigg on input line 724.
LaTeX Info: Redefining \Bigg on input line 725.
\big@size=\dimen143
LaTeX Font Info:    Redeclaring font encoding OML on input line 743.
LaTeX Font Info:    Redeclaring font encoding OMS on input line 744.
\macc@depth=\count194
LaTeX Info: Redefining \bmod on input line 905.
LaTeX Info: Redefining \pmod on input line 910.
LaTeX Info: Redefining \smash on input line 940.
LaTeX Info: Redefining \relbar on input line 970.
LaTeX Info: Redefining \Relbar on input line 971.
\c@MaxMatrixCols=\count195
\dotsspace@=\muskip16
\c@parentequation=\count196
\dspbrk@lvl=\count197
\tag@help=\toks19
\row@=\count198
\column@=\count199
\maxfields@=\count266
\andhelp@=\toks20
\eqnshift@=\dimen144
\alignsep@=\dimen145
\tagshift@=\dimen146
\tagwidth@=\dimen147
\totwidth@=\dimen148
\lineht@=\dimen149
\@envbody=\toks21
\multlinegap=\skip51
\multlinetaggap=\skip52
\mathdisplay@stack=\toks22
LaTeX Info: Redefining \[ on input line 2953.
LaTeX Info: Redefining \] on input line 2954.
)
(C:\Program Files\MiKTeX\tex/latex/tools\bm.sty
Package: bm 2022/01/05 v1.2f Bold Symbol Support (DPC/FMi)
\symboldoperators=\mathgroup6
\symboldletters=\mathgroup7
\symboldsymbols=\mathgroup8
Package bm Info: No bold for \OMX/cmex/m/n, using \pmb.
Package bm Info: No bold for \U/msa/m/n, using \pmb.
Package bm Info: No bold for \U/msb/m/n, using \pmb.
LaTeX Font Info:    Redeclaring math alphabet \mathbf on input line 149.
)
(C:\Program Files\MiKTeX\tex/latex/graphics\graphicx.sty
Package: graphicx 2021/09/16 v1.2d Enhanced LaTeX Graphics (DPC,SPQR)

(C:\Program Files\MiKTeX\tex/latex/graphics\keyval.sty
Package: keyval 2022/05/29 v1.15 key=value parser (DPC)
\KV@toks@=\toks23
)
(C:\Program Files\MiKTeX\tex/latex/graphics\graphics.sty
Package: graphics 2022/03/10 v1.4e Standard LaTeX Graphics (DPC,SPQR)

(C:\Program Files\MiKTeX\tex/latex/graphics\trig.sty
Package: trig 2021/08/11 v1.11 sin cos tan (DPC)
)
(C:\Program Files\MiKTeX\tex/latex/graphics-cfg\graphics.cfg
File: graphics.cfg 2016/06/04 v1.11 sample graphics configuration
)
Package graphics Info: Driver file: xetex.def on input line 107.

(C:\Program Files\MiKTeX\tex/latex/graphics-def\xetex.def
File: xetex.def 2022/09/22 v5.0n Graphics/color driver for xetex
))
\Gin@req@height=\dimen150
\Gin@req@width=\dimen151
)
(C:\Program Files\MiKTeX\tex/latex/microtype\microtype.sty
Package: microtype 2023/03/13 v3.1a Micro-typographical refinements (RS)

(C:\Program Files\MiKTeX\tex/latex/etoolbox\etoolbox.sty
Package: etoolbox 2020/10/05 v2.5k e-TeX tools for LaTeX (JAW)
\etb@tempcnta=\count267
)
\MT@toks=\toks24
\MT@tempbox=\box53
\MT@count=\count268
LaTeX Info: Redefining \noprotrusionifhmode on input line 1059.
LaTeX Info: Redefining \leftprotrusion on input line 1060.
\MT@prot@toks=\toks25
LaTeX Info: Redefining \rightprotrusion on input line 1078.
LaTeX Info: Redefining \textls on input line 1368.
\MT@outer@kern=\dimen152
LaTeX Info: Redefining \textmicrotypecontext on input line 1988.
\MT@listname@count=\count269

(C:\Program Files\MiKTeX\tex/latex/microtype\microtype-xetex.def
File: microtype-xetex.def 2023/03/13 v3.1a Definitions specific to xetex (RS)
LaTeX Info: Redefining \lsstyle on input line 238.
)
Package microtype Info: Loading configuration file microtype.cfg.

(C:\Program Files\MiKTeX\tex/latex/microtype\microtype.cfg
File: microtype.cfg 2023/03/13 v3.1a microtype main configuration file (RS)
))
(C:\Program Files\MiKTeX\tex/latex/hyperref\hyperref.sty
Package: hyperref 2023-07-08 v7.01b Hypertext links for LaTeX

(C:\Program Files\MiKTeX\tex/generic/ltxcmds\ltxcmds.sty
Package: ltxcmds 2020-05-10 v1.25 LaTeX kernel commands for general use (HO)
)
(C:\Program Files\MiKTeX\tex/generic/iftex\iftex.sty
Package: iftex 2022/02/03 v1.0f TeX engine tests
)
(C:\Program Files\MiKTeX\tex/generic/pdftexcmds\pdftexcmds.sty
Package: pdftexcmds 2020-06-27 v0.33 Utility functions of pdfTeX for LuaTeX (HO
)

(C:\Program Files\MiKTeX\tex/generic/infwarerr\infwarerr.sty
Package: infwarerr 2019/12/03 v1.5 Providing info/warning/error messages (HO)
)
Package pdftexcmds Info: \pdf@primitive is available.
Package pdftexcmds Info: \pdf@ifprimitive is available.
Package pdftexcmds Info: \pdfdraftmode not found.
)
(C:\Program Files\MiKTeX\tex/latex/kvsetkeys\kvsetkeys.sty
Package: kvsetkeys 2022-10-05 v1.19 Key value parser (HO)
)
(C:\Program Files\MiKTeX\tex/generic/kvdefinekeys\kvdefinekeys.sty
Package: kvdefinekeys 2019-12-19 v1.6 Define keys (HO)
)
(C:\Program Files\MiKTeX\tex/generic/pdfescape\pdfescape.sty
Package: pdfescape 2019/12/09 v1.15 Implements pdfTeX's escape features (HO)
)
(C:\Program Files\MiKTeX\tex/latex/hycolor\hycolor.sty
Package: hycolor 2020-01-27 v1.10 Color options for hyperref/bookmark (HO)
)
(C:\Program Files\MiKTeX\tex/latex/letltxmacro\letltxmacro.sty
Package: letltxmacro 2019/12/03 v1.6 Let assignment for LaTeX macros (HO)
)
(C:\Program Files\MiKTeX\tex/latex/auxhook\auxhook.sty
Package: auxhook 2019-12-17 v1.6 Hooks for auxiliary files (HO)
)
(C:\Program Files\MiKTeX\tex/latex/hyperref\nameref.sty
Package: nameref 2023-08-07 v2.53 Cross-referencing by name of section

(C:\Program Files\MiKTeX\tex/latex/refcount\refcount.sty
Package: refcount 2019/12/15 v3.6 Data extraction from label references (HO)
)
(C:\Program Files\MiKTeX\tex/generic/gettitlestring\gettitlestring.sty
Package: gettitlestring 2019/12/15 v1.6 Cleanup title references (HO)

(C:\Program Files\MiKTeX\tex/latex/kvoptions\kvoptions.sty
Package: kvoptions 2022-06-15 v3.15 Key value format for package options (HO)
))
\c@section@level=\count270
)
\@linkdim=\dimen153
\Hy@linkcounter=\count271
\Hy@pagecounter=\count272

(C:\Program Files\MiKTeX\tex/latex/hyperref\pd1enc.def
File: pd1enc.def 2023-07-08 v7.01b Hyperref: PDFDocEncoding definition (HO)
)
(C:\Program Files\MiKTeX\tex/generic/intcalc\intcalc.sty
Package: intcalc 2019/12/15 v1.3 Expandable calculations with integers (HO)
)
\Hy@SavedSpaceFactor=\count273

(C:\Program Files\MiKTeX\tex/latex/hyperref\puenc.def
File: puenc.def 2023-07-08 v7.01b Hyperref: PDF Unicode definition (HO)
)
Package hyperref Info: Hyper figures OFF on input line 4167.
Package hyperref Info: Link nesting OFF on input line 4172.
Package hyperref Info: Hyper index ON on input line 4175.
Package hyperref Info: Plain pages OFF on input line 4182.
Package hyperref Info: Backreferencing OFF on input line 4187.
Package hyperref Info: Implicit mode ON; LaTeX internals redefined.
Package hyperref Info: Bookmarks ON on input line 4434.
\c@Hy@tempcnt=\count274

(C:\Program Files\MiKTeX\tex/latex/url\url.sty
\Urlmuskip=\muskip17
Package: url 2013/09/16  ver 3.4  Verb mode for urls, etc.
)
LaTeX Info: Redefining \url on input line 4772.
\XeTeXLinkMargin=\dimen154

(C:\Program Files\MiKTeX\tex/generic/bitset\bitset.sty
Package: bitset 2019/12/09 v1.3 Handle bit-vector datatype (HO)

(C:\Program Files\MiKTeX\tex/generic/bigintcalc\bigintcalc.sty
Package: bigintcalc 2019/12/15 v1.5 Expandable calculations on big integers (HO
)
))
\Fld@menulength=\count275
\Field@Width=\dimen155
\Fld@charsize=\dimen156
Package hyperref Info: Hyper figures OFF on input line 6051.
Package hyperref Info: Link nesting OFF on input line 6056.
Package hyperref Info: Hyper index ON on input line 6059.
Package hyperref Info: backreferencing OFF on input line 6066.
Package hyperref Info: Link coloring OFF on input line 6071.
Package hyperref Info: Link coloring with OCG OFF on input line 6076.
Package hyperref Info: PDF/A mode OFF on input line 6081.

(C:\Program Files\MiKTeX\tex/latex/base\atbegshi-ltx.sty
Package: atbegshi-ltx 2021/01/10 v1.0c Emulation of the original atbegshi
package with kernel methods
)
\Hy@abspage=\count276
\c@Item=\count277
\c@Hfootnote=\count278
)
Package hyperref Info: Driver (autodetected): hxetex.

(C:\Program Files\MiKTeX\tex/latex/hyperref\hxetex.def
File: hxetex.def 2023-07-08 v7.01b Hyperref driver for XeTeX

(C:\Program Files\MiKTeX\tex/generic/stringenc\stringenc.sty
Package: stringenc 2019/11/29 v1.12 Convert strings between diff. encodings (HO
)
)
\pdfm@box=\box54
\c@Hy@AnnotLevel=\count279
\HyField@AnnotCount=\count280
\Fld@listcount=\count281
\c@bookmark@seq@number=\count282

(C:\Program Files\MiKTeX\tex/latex/rerunfilecheck\rerunfilecheck.sty
Package: rerunfilecheck 2022-07-10 v1.10 Rerun checks for auxiliary files (HO)

(C:\Program Files\MiKTeX\tex/latex/base\atveryend-ltx.sty
Package: atveryend-ltx 2020/08/19 v1.0a Emulation of the original atveryend pac
kage
with kernel methods
)
(C:\Program Files\MiKTeX\tex/generic/uniquecounter\uniquecounter.sty
Package: uniquecounter 2019/12/15 v1.4 Provide unlimited unique counter (HO)
)
Package uniquecounter Info: New unique counter `rerunfilecheck' on input line 2
85.
)
\Hy@SectionHShift=\skip53
)
(C:\Program Files\MiKTeX\tex/latex/titlesec\titlesec.sty
Package: titlesec 2023/10/27 v2.16 Sectioning titles
\ttl@box=\box55
\beforetitleunit=\skip54
\aftertitleunit=\skip55
\ttl@plus=\dimen157
\ttl@minus=\dimen158
\ttl@toksa=\toks26
\titlewidth=\dimen159
\titlewidthlast=\dimen160
\titlewidthfirst=\dimen161
)
Package hyperref Info: Option `colorlinks' set `true' on input line 34.

(C:\Program Files\MiKTeX\tex/latex/upquote\upquote.sty
Package: upquote 2012/04/19 v1.3 upright-quote and grave-accent glyphs in verba
tim

(C:\Program Files\MiKTeX\tex/latex/base\textcomp.sty
Package: textcomp 2020/02/02 v2.0n Standard LaTeX package
))
(C:\Program Files\MiKTeX\tex/latex/listings\listings.sty
\lst@mode=\count283
\lst@gtempboxa=\box56
\lst@token=\toks27
\lst@length=\count284
\lst@currlwidth=\dimen162
\lst@column=\count285
\lst@pos=\count286
\lst@lostspace=\dimen163
\lst@width=\dimen164
\lst@newlines=\count287
\lst@lineno=\count288
\lst@maxwidth=\dimen165

(C:\Program Files\MiKTeX\tex/latex/listings\lstmisc.sty
File: lstmisc.sty 2023/02/27 1.9 (Carsten Heinz)
\c@lstnumber=\count289
\lst@skipnumbers=\count290
\lst@framebox=\box57
)
(C:\Program Files\MiKTeX\tex/latex/listings\listings.cfg
File: listings.cfg 2023/02/27 1.9 listings configuration
))
Package: listings 2023/02/27 1.9 (Carsten Heinz)

(C:\Program Files\MiKTeX\tex/latex/xcolor\xcolor.sty
Package: xcolor 2022/06/12 v2.14 LaTeX color extensions (UK)

(C:\Program Files\MiKTeX\tex/latex/graphics-cfg\color.cfg
File: color.cfg 2016/01/02 v1.6 sample color configuration
)
Package xcolor Info: Driver file: xetex.def on input line 227.

(C:\Program Files\MiKTeX\tex/latex/graphics\mathcolor.ltx)
Package xcolor Info: Model `cmy' substituted by `cmy0' on input line 1353.
Package xcolor Info: Model `RGB' extended on input line 1369.
Package xcolor Info: Model `HTML' substituted by `rgb' on input line 1371.
Package xcolor Info: Model `Hsb' substituted by `hsb' on input line 1372.
Package xcolor Info: Model `tHsb' substituted by `hsb' on input line 1373.
Package xcolor Info: Model `HSB' substituted by `hsb' on input line 1374.
Package xcolor Info: Model `Gray' substituted by `gray' on input line 1375.
Package xcolor Info: Model `wave' substituted by `hsb' on input line 1376.
)
(C:\Program Files\MiKTeX\tex/latex/l3backend\l3backend-xetex.def
File: l3backend-xetex.def 2023-04-19 L3 backend support: XeTeX
\g__graphics_track_int=\count291
\l__pdf_internal_box=\box58
\g__pdf_backend_object_int=\count292
\g__pdf_backend_annotation_int=\count293
\g__pdf_backend_link_int=\count294
) (Chapter2.aux)
\openout1 = `Chapter2.aux'.

LaTeX Font Info:    Checking defaults for OML/cmm/m/it on input line 268.
LaTeX Font Info:    ... okay on input line 268.
LaTeX Font Info:    Checking defaults for OMS/cmsy/m/n on input line 268.
LaTeX Font Info:    ... okay on input line 268.
LaTeX Font Info:    Checking defaults for OT1/cmr/m/n on input line 268.
LaTeX Font Info:    ... okay on input line 268.
LaTeX Font Info:    Checking defaults for T1/cmr/m/n on input line 268.
LaTeX Font Info:    ... okay on input line 268.
LaTeX Font Info:    Checking defaults for TS1/cmr/m/n on input line 268.
LaTeX Font Info:    Trying to load font information for TS1+cmr on input line 2
68.
 (C:\Program Files\MiKTeX\tex/latex/base\ts1cmr.fd
File: ts1cmr.fd 2023/04/13 v2.5m Standard LaTeX font definitions
)
LaTeX Font Info:    ... okay on input line 268.
LaTeX Font Info:    Checking defaults for TU/lmr/m/n on input line 268.
LaTeX Font Info:    ... okay on input line 268.
LaTeX Font Info:    Checking defaults for OMX/cmex/m/n on input line 268.
LaTeX Font Info:    ... okay on input line 268.
LaTeX Font Info:    Checking defaults for U/cmr/m/n on input line 268.
LaTeX Font Info:    ... okay on input line 268.
LaTeX Font Info:    Checking defaults for PD1/pdf/m/n on input line 268.
LaTeX Font Info:    ... okay on input line 268.
LaTeX Font Info:    Checking defaults for PU/pdf/m/n on input line 268.
LaTeX Font Info:    ... okay on input line 268.
LaTeX Info: Redefining \microtypecontext on input line 268.
Package microtype Info: Applying patch `item' on input line 268.
Package microtype Info: Applying patch `toc' on input line 268.
Package microtype Info: Applying patch `eqnum' on input line 268.
Package microtype Info: Applying patch `footnote' on input line 268.
Package microtype Info: Applying patch `verbatim' on input line 268.
Package microtype Info: Character protrusion enabled (level 2).
Package microtype Info: Using default protrusion set `alltext'.
Package microtype Info: No adjustment of tracking.
Package microtype Info: No adjustment of spacing.
Package microtype Info: No adjustment of kerning.

(C:\Program Files\MiKTeX\tex/latex/microtype\mt-LatinModernRoman.cfg
File: mt-LatinModernRoman.cfg 2021/02/21 v1.1 microtype config. file: Latin Mod
ern Roman (RS)
)
Package hyperref Info: Link coloring ON on input line 268.

(Chapter2.out) (Chapter2.out)
\@outlinefile=\write3
\openout3 = `Chapter2.out'.

\c@lstlisting=\count295
Package microtype Info: Loading generic protrusion settings for font family
(microtype)             `lmss' (encoding: TU).
(microtype)             For optimal results, create family-specific settings.
(microtype)             See the microtype manual for details.

(C:\Program Files\MiKTeX\tex/latex/microtype\mt-cmr.cfg
File: mt-cmr.cfg 2013/05/19 v2.2 microtype config. file: Computer Modern Roman 
(RS)
)
LaTeX Font Info:    Trying to load font information for U+msa on input line 294
.

(C:\Program Files\MiKTeX\tex/latex/amsfonts\umsa.fd
File: umsa.fd 2013/01/14 v3.01 AMS symbols A
)
(C:\Program Files\MiKTeX\tex/latex/microtype\mt-msa.cfg
File: mt-msa.cfg 2006/02/04 v1.1 microtype config. file: AMS symbols (a) (RS)
)
LaTeX Font Info:    Trying to load font information for U+msb on input line 294
.

(C:\Program Files\MiKTeX\tex/latex/amsfonts\umsb.fd
File: umsb.fd 2013/01/14 v3.01 AMS symbols B
)
(C:\Program Files\MiKTeX\tex/latex/microtype\mt-msb.cfg
File: mt-msb.cfg 2005/06/01 v1.0 microtype config. file: AMS symbols (b) (RS)
)
LaTeX Font Info:    Font shape `TU/lmss/m/it' in size <24.88> not available
(Font)              Font shape `TU/lmss/m/sl' tried instead on input line 299.
 [1

] [2]
Overfull \hbox (5.38647pt too wide) detected at line 338
\OML/cmm/m/it/24.88 I[]\OT1/cmr/m/n/24.88 [\OML/cmm/m/it/24.88 g\OT1/cmr/m/n/24
.88 ] = \OML/cmm/m/it/24.88 I[]\OT1/cmr/m/n/24.88 [\OML/cmm/m/it/24.88 g\OT1/cm
r/m/n/24.88 (\OML/cmm/m/it/24.88 x\OT1/cmr/m/n/24.88 )] := [] []
 []

[3] [4]
Overfull \hbox (157.06969pt too wide) detected at line 362
\OML/cmm/m/it/24.88 I[] [] \OT1/cmr/m/n/24.88 = [] [] e[] = [] \OML/cmm/m/it/24
.88 ;
 []

[5]
Overfull \hbox (231.98105pt too wide) detected at line 370
\OML/cmm/m/it/24.88 I[] [] \OT1/cmr/m/n/24.88 = [] [] e[] = [] \OML/cmm/m/it/24
.88 :
 []

[6] [7] [8]
Package microtype Info: Loading generic protrusion settings for font family
(microtype)             `lmtt' (encoding: TU).
(microtype)             For optimal results, create family-specific settings.
(microtype)             See the microtype manual for details.
LaTeX Font Info:    Font shape `TU/lmtt/bx/n' in size <24.88> not available
(Font)              Font shape `TU/lmtt/b/n' tried instead on input line 417.
File: /figures/Chapter2_1_1.pdf Graphic file (type pdf)
<use /figures/Chapter2_1_1.pdf>
 [9] [10]

Package amsmath Warning: Foreign command \over;
(amsmath)                \frac or \genfrac should be used instead
(amsmath)                 on input line 443.


Overfull \hbox (18.50061pt too wide) detected at line 458
[] \OT1/cmr/m/n/24.88 = [] [] [] \OML/cmm/m/it/24.88 :
 []

[11] [12] [13]
Overfull \hbox (157.99841pt too wide) detected at line 566
\OT1/cmr/bx/n/24.88 p \OT1/cmr/m/n/24.88 = [] = [] []
 []

[14] [15] [16] [17]
Overfull \hbox (7.96799pt too wide) in paragraph at lines 678--679
[]\TU/lmss/m/n/24.88 Here’s an example illustrating that $\OML/cmm/m/it/24.88 p
\OT1/cmr/m/n/24.88 (\OML/cmm/m/it/24.88 x\OT1/cmr/m/n/24.88 )$ \TU/lmss/m/n/24.
88 interpolates $\OML/cmm/m/it/24.88 f$ \TU/lmss/m/n/24.88 at $\OML/cmm/m/it/24
.88 x[]$ \TU/lmss/m/n/24.88 for $\OML/cmm/m/it/24.88 j \OT1/cmr/m/n/24.88 = 0\O
ML/cmm/m/it/24.88 ; [] ; n \OMS/cmsy/m/n/24.88 ^^@
 []

[18] [19]
File: /figures/Chapter2_6_1.pdf Graphic file (type pdf)
<use /figures/Chapter2_6_1.pdf>
 [20] [21] [22] [23] [24]
File: /figures/Chapter2_8_1.pdf Graphic file (type pdf)
<use /figures/Chapter2_8_1.pdf>
 [25] [26] [27] [28] [29]
Overfull \hbox (140.90831pt too wide) detected at line 890
\OML/cmm/m/it/24.88 `[]\OT1/cmr/m/n/24.88 (\OML/cmm/m/it/24.88 x[] \OMS/cmsy/m/
n/24.88 ^^@ \OML/cmm/m/it/24.88 x[]\OT1/cmr/m/n/24.88 ) = \OML/cmm/m/it/24.88 `
[]\OT1/cmr/m/n/24.88 (\OML/cmm/m/it/24.88 x[]\OT1/cmr/m/n/24.88 ) = [] \OML/cmm
/m/it/24.88 ;
 []

[30]
File: /figures/Chapter2_9_1.pdf Graphic file (type pdf)
<use /figures/Chapter2_9_1.pdf>
 [31] [32]
File: /figures/Chapter2_10_1.pdf Graphic file (type pdf)
<use /figures/Chapter2_10_1.pdf>
 [33]
Overfull \hbox (55.38522pt too wide) detected at line 928
\OML/cmm/m/it/24.88 p[]\OT1/cmr/m/n/24.88 (\OML/cmm/m/it/24.88 x\OT1/cmr/m/n/24
.88 ) = [] \OML/cmm/m/it/24.88 `[]\OT1/cmr/m/n/24.88 (\OML/cmm/m/it/24.88 x\OT1
/cmr/m/n/24.88 )\OML/cmm/m/it/24.88 f\OT1/cmr/m/n/24.88 (\OML/cmm/m/it/24.88 x[
]\OT1/cmr/m/n/24.88 ) = [] \OML/cmm/m/it/24.88 `[]\OT1/cmr/m/n/24.88 (\OML/cmm/
m/it/24.88 x \OMS/cmsy/m/n/24.88 ^^@ \OML/cmm/m/it/24.88 x[]\OT1/cmr/m/n/24.88 
)\OML/cmm/m/it/24.88 f\OT1/cmr/m/n/24.88 (\OML/cmm/m/it/24.88 x[]\OT1/cmr/m/n/2
4.88 )\OML/cmm/m/it/24.88 ;  `[]\OT1/cmr/m/n/24.88 (\OML/cmm/m/it/24.88 x\OT1/c
mr/m/n/24.88 ) = [][]\OML/cmm/m/it/24.88 ;
 []


Overfull \hbox (56.92815pt too wide) detected at line 937
\OML/cmm/m/it/24.88 f[]\OT1/cmr/m/n/24.88 (\OML/cmm/m/it/24.88 x[]\OT1/cmr/m/n/
24.88 ) \OMS/cmsy/m/n/24.88 ^^Y \OML/cmm/m/it/24.88 p[]\OT1/cmr/m/n/24.88 (\OML
/cmm/m/it/24.88 x[]\OT1/cmr/m/n/24.88 ) = [] \OML/cmm/m/it/24.88 `[]\OT1/cmr/m/
n/24.88 (\OML/cmm/m/it/24.88 x[]\OT1/cmr/m/n/24.88 )\OML/cmm/m/it/24.88 f\OT1/c
mr/m/n/24.88 (\OML/cmm/m/it/24.88 x[]\OT1/cmr/m/n/24.88 ) = [] \OML/cmm/m/it/24
.88 `[]\OT1/cmr/m/n/24.88 (\OML/cmm/m/it/24.88 x[] \OMS/cmsy/m/n/24.88 ^^@ \OML
/cmm/m/it/24.88 x[]\OT1/cmr/m/n/24.88 )\OML/cmm/m/it/24.88 f\OT1/cmr/m/n/24.88 
(\OML/cmm/m/it/24.88 x[]\OT1/cmr/m/n/24.88 )\OML/cmm/m/it/24.88 ;  i \OT1/cmr/m
/n/24.88 = 0\OML/cmm/m/it/24.88 ; [] ; n \OMS/cmsy/m/n/24.88 ^^@ \OT1/cmr/m/n/2
4.88 1\OML/cmm/m/it/24.88 :
 []

[34]
Overfull \hbox (25.37656pt too wide) detected at line 989
[] \OMS/cmsy/m/n/24.88 ^^Y [] \OT1/cmr/m/n/24.88 = [] [] \OML/cmm/m/it/24.88 :
 []

[35] [36] [37] [38] [39] [40] [41] [42]
File: /figures/Chapter2_13_1.pdf Graphic file (type pdf)
<use /figures/Chapter2_13_1.pdf>
 [43] [44] [45] [46]
Overfull \hbox (22.41856pt too wide) detected at line 1246
\OT1/cmr/bx/n/24.88 u[] \OT1/cmr/m/n/24.88 = \OT1/cmr/bx/n/24.88 u[] \OMS/cmsy/
m/n/24.88 ^^@ \OML/cmm/m/it/24.88 ^^\\OMS/cmsy/m/n/24.88 F[] [] \OML/cmm/m/it/2
4.88 ;  i \OT1/cmr/m/n/24.88 = 0\OML/cmm/m/it/24.88 ; [] ; n[] \OMS/cmsy/m/n/24
.88 ^^@ \OT1/cmr/m/n/24.88 1\OML/cmm/m/it/24.88 ;  \OT1/cmr/bx/n/24.88 u[] \OT1
/cmr/m/n/24.88 = \OT1/cmr/bx/n/24.88 f\OML/cmm/m/it/24.88 :
 []

[47]
File: /figures/Chapter2_15_1.pdf Graphic file (type pdf)
<use /figures/Chapter2_15_1.pdf>
 [48] [49]
File: /figures/Chapter2_16_1.pdf Graphic file (type pdf)
<use /figures/Chapter2_16_1.pdf>
 [50]
Overfull \hbox (17.59967pt too wide) detected at line 1282
\OML/cmm/m/it/24.88 u[]\OT1/cmr/m/n/24.88 (\OML/cmm/m/it/24.88 x[]; t[]\OT1/cmr
/m/n/24.88 ) \OMS/cmsy/m/n/24.88 ^^Y [] ^^Y []\OML/cmm/m/it/24.88 ;  j \OT1/cmr
/m/n/24.88 = 0\OML/cmm/m/it/24.88 ; [] ; n[] \OMS/cmsy/m/n/24.88 ^^@ \OT1/cmr/m
/n/24.88 1
 []


Overfull \hbox (59.47188pt too wide) detected at line 1287
\OT1/cmr/bx/n/24.88 u[] \OT1/cmr/m/n/24.88 = \OT1/cmr/bx/n/24.88 u[] \OMS/cmsy/
m/n/24.88 ^^@ \OT1/cmr/m/n/24.88 2\OML/cmm/m/it/24.88 ^^\\OMS/cmsy/m/n/24.88 F[
] [] \OML/cmm/m/it/24.88 ;  i \OT1/cmr/m/n/24.88 = 0\OML/cmm/m/it/24.88 ; [] ; 
n[] \OMS/cmsy/m/n/24.88 ^^@ \OT1/cmr/m/n/24.88 1\OML/cmm/m/it/24.88 ;  \OT1/cmr
/bx/n/24.88 u[] \OT1/cmr/m/n/24.88 = \OT1/cmr/bx/n/24.88 f\OML/cmm/m/it/24.88 :

 []

[51] [52]
File: /figures/Chapter2_18_1.pdf Graphic file (type pdf)
<use /figures/Chapter2_18_1.pdf>
 [53] [54]
File: /figures/Chapter2_19_1.pdf Graphic file (type pdf)
<use /figures/Chapter2_19_1.pdf>
 [55]
Overfull \hbox (109.26161pt too wide) detected at line 1352
\OT1/cmr/bx/n/24.88 u[] \OT1/cmr/m/n/24.88 = \OT1/cmr/bx/n/24.88 u[] \OMS/cmsy/
m/n/24.88 ^^@ \OT1/cmr/m/n/24.88 2\OML/cmm/m/it/24.88 ^^\c\OT1/cmr/m/n/24.88 (\
OT1/cmr/bx/n/24.88 x\OT1/cmr/m/n/24.88 ) \OMS/cmsy/m/n/24.88 ^^A F[] [] \OML/cm
m/m/it/24.88 ;  i \OT1/cmr/m/n/24.88 = 0\OML/cmm/m/it/24.88 ; [] ; n[] \OMS/cms
y/m/n/24.88 ^^@ \OT1/cmr/m/n/24.88 1\OML/cmm/m/it/24.88 ;  \OT1/cmr/bx/n/24.88 
u[] \OT1/cmr/m/n/24.88 = \OT1/cmr/bx/n/24.88 f\OML/cmm/m/it/24.88 :
 []

[56] [57]
File: /figures/Chapter2_21_1.pdf Graphic file (type pdf)
<use /figures/Chapter2_21_1.pdf>
 [58] [59]
File: /figures/Chapter2_22_1.pdf Graphic file (type pdf)
<use /figures/Chapter2_22_1.pdf>
 [60] [61]
File: /figures/Chapter2_23_1.pdf Graphic file (type pdf)
<use /figures/Chapter2_23_1.pdf>
 [62]
File: /figures/Chapter2_24_1.pdf Graphic file (type pdf)
<use /figures/Chapter2_24_1.pdf>
 [63] [64]
File: /figures/Chapter2_25_1.pdf Graphic file (type pdf)
<use /figures/Chapter2_25_1.pdf>
 [65] [66] [67] [68]
Overfull \hbox (45.25372pt too wide) in alignment at lines 1489--1491
 [][][] []
 []

[69] [70] [71] [72] [73] [74] [75] [76] [77]

LaTeX Warning: Command \^ invalid in math mode on input line 1618.

Missing character: There is no ̂ in font cmmi12!

LaTeX Warning: Command \^ invalid in math mode on input line 1623.

Missing character: There is no ̂ in font cmmi12!
File: /figures/Chapter2_26_1.pdf Graphic file (type pdf)
<use /figures/Chapter2_26_1.pdf>
[78] [79]
File: /figures/Chapter2_27_1.pdf Graphic file (type pdf)
<use /figures/Chapter2_27_1.pdf>
 [80] [81] [82] [83]
File: /figures/Chapter2_28_1.pdf Graphic file (type pdf)
<use /figures/Chapter2_28_1.pdf>
 [84] [85]
File: /figures/Chapter2_29_1.pdf Graphic file (type pdf)
<use /figures/Chapter2_29_1.pdf>
 [86] [87] (Chapter2.aux)
 ***********
LaTeX2e <2023-06-01> patch level 1
L3 programming layer <2023-08-29>
 ***********
Package rerunfilecheck Info: File `Chapter2.out' has not changed.
(rerunfilecheck)             Checksum: 88D9954F78689720957C1C40EAC54364;3961.
 ) 
Here is how much of TeX's memory you used:
 13575 strings out of 410378
 208655 string characters out of 5792293
 2021432 words of memory out of 5000000
 34733 multiletter control sequences out of 15000+600000
 565947 words of font info for 79 fonts, out of 8000000 for 9000
 1348 hyphenation exceptions out of 8191
 72i,16n,79p,1007b,1857s stack positions out of 10000i,1000n,20000p,200000b,200000s

Output written on Chapter2.pdf (87 pages).
