This is XeTeX, Version 3.14159265-2.6-0.999992 (MiKTeX 2.9.7440 64-bit) (preloaded format=xelatex 2020.10.21)  27 MAR 2023 19:40
entering extended mode
**./Chapter5.tex
(Chapter5.tex
LaTeX2e <2020-02-02> patch level 5
L3 programming layer <2020-06-03>
("C:\Users\mfaso\AppData\Local\Programs\MiKTeX 2.9\tex/latex/base\article.cls"
Document Class: article 2019/12/20 v1.4l Standard LaTeX document class
("C:\Users\mfaso\AppData\Local\Programs\MiKTeX 2.9\tex/latex/base\size12.clo"
File: size12.clo 2019/12/20 v1.4l Standard LaTeX file (size option)
)
\c@part=\count163
\c@section=\count164
\c@subsection=\count165
\c@subsubsection=\count166
\c@paragraph=\count167
\c@subparagraph=\count168
\c@figure=\count169
\c@table=\count170
\abovecaptionskip=\skip47
\belowcaptionskip=\skip48
\bibindent=\dimen134
)
("C:\Users\mfaso\AppData\Local\Programs\MiKTeX 2.9\tex/latex/amsfonts\amssymb.s
ty"
Package: amssymb 2013/01/14 v3.01 AMS font symbols

("C:\Users\mfaso\AppData\Local\Programs\MiKTeX 2.9\tex/latex/amsfonts\amsfonts.
sty"
Package: amsfonts 2013/01/14 v3.01 Basic AMSFonts support
\@emptytoks=\toks15
\symAMSa=\mathgroup4
\symAMSb=\mathgroup5
LaTeX Font Info:    Redeclaring math symbol \hbar on input line 98.
LaTeX Font Info:    Overwriting math alphabet `\mathfrak' in version `bold'
(Font)                  U/euf/m/n --> U/euf/b/n on input line 106.
))
("C:\Users\mfaso\AppData\Local\Programs\MiKTeX 2.9\tex/latex/amsmath\amsmath.st
y"
Package: amsmath 2020/01/20 v2.17e AMS math features
\@mathmargin=\skip49

For additional information on amsmath, use the `?' option.

("C:\Users\mfaso\AppData\Local\Programs\MiKTeX 2.9\tex/latex/amsmath\amstext.st
y"
Package: amstext 2000/06/29 v2.01 AMS text

("C:\Users\mfaso\AppData\Local\Programs\MiKTeX 2.9\tex/latex/amsmath\amsgen.sty
"
File: amsgen.sty 1999/11/30 v2.0 generic functions
\@emptytoks=\toks16
\ex@=\dimen135
))
("C:\Users\mfaso\AppData\Local\Programs\MiKTeX 2.9\tex/latex/amsmath\amsbsy.sty
"
Package: amsbsy 1999/11/29 v1.2d Bold Symbols
\pmbraise@=\dimen136
)
("C:\Users\mfaso\AppData\Local\Programs\MiKTeX 2.9\tex/latex/amsmath\amsopn.sty
"
Package: amsopn 2016/03/08 v2.02 operator names
)
\inf@bad=\count171
LaTeX Info: Redefining \frac on input line 227.
\uproot@=\count172
\leftroot@=\count173
LaTeX Info: Redefining \overline on input line 389.
\classnum@=\count174
\DOTSCASE@=\count175
LaTeX Info: Redefining \ldots on input line 486.
LaTeX Info: Redefining \dots on input line 489.
LaTeX Info: Redefining \cdots on input line 610.
\Mathstrutbox@=\box45
\strutbox@=\box46
\big@size=\dimen137
LaTeX Font Info:    Redeclaring font encoding OML on input line 733.
LaTeX Font Info:    Redeclaring font encoding OMS on input line 734.
\macc@depth=\count176
\c@MaxMatrixCols=\count177
\dotsspace@=\muskip16
\c@parentequation=\count178
\dspbrk@lvl=\count179
\tag@help=\toks17
\row@=\count180
\column@=\count181
\maxfields@=\count182
\andhelp@=\toks18
\eqnshift@=\dimen138
\alignsep@=\dimen139
\tagshift@=\dimen140
\tagwidth@=\dimen141
\totwidth@=\dimen142
\lineht@=\dimen143
\@envbody=\toks19
\multlinegap=\skip50
\multlinetaggap=\skip51
\mathdisplay@stack=\toks20
LaTeX Info: Redefining \[ on input line 2859.
LaTeX Info: Redefining \] on input line 2860.
) ("C:\Users\mfaso\AppData\Local\Programs\MiKTeX 2.9\tex/latex/tools\bm.sty"
Package: bm 2019/07/24 v1.2d Bold Symbol Support (DPC/FMi)
\symboldoperators=\mathgroup6
\symboldletters=\mathgroup7
\symboldsymbols=\mathgroup8
LaTeX Font Info:    Redeclaring math alphabet \mathbf on input line 141.
LaTeX Info: Redefining \bm on input line 209.
)
("C:\Users\mfaso\AppData\Local\Programs\MiKTeX 2.9\tex/latex/graphics\graphicx.
sty"
Package: graphicx 2019/11/30 v1.2a Enhanced LaTeX Graphics (DPC,SPQR)

("C:\Users\mfaso\AppData\Local\Programs\MiKTeX 2.9\tex/latex/graphics\keyval.st
y"
Package: keyval 2014/10/28 v1.15 key=value parser (DPC)
\KV@toks@=\toks21
)
("C:\Users\mfaso\AppData\Local\Programs\MiKTeX 2.9\tex/latex/graphics\graphics.
sty"
Package: graphics 2019/11/30 v1.4a Standard LaTeX Graphics (DPC,SPQR)

("C:\Users\mfaso\AppData\Local\Programs\MiKTeX 2.9\tex/latex/graphics\trig.sty"
Package: trig 2016/01/03 v1.10 sin cos tan (DPC)
)
("C:\Users\mfaso\AppData\Local\Programs\MiKTeX 2.9\tex/latex/graphics-cfg\graph
ics.cfg"
File: graphics.cfg 2016/06/04 v1.11 sample graphics configuration
)
Package graphics Info: Driver file: xetex.def on input line 105.

("C:\Users\mfaso\AppData\Local\Programs\MiKTeX 2.9\tex/latex/graphics-def\xetex
.def"
File: xetex.def 2017/06/24 v5.0h Graphics/color driver for xetex
))
\Gin@req@height=\dimen144
\Gin@req@width=\dimen145
)
("C:\Users\mfaso\AppData\Local\Programs\MiKTeX 2.9\tex/latex/microtype\microtyp
e.sty"
Package: microtype 2019/11/18 v2.7d Micro-typographical refinements (RS)
\MT@toks=\toks22
\MT@count=\count183
LaTeX Info: Redefining \textls on input line 790.
\MT@outer@kern=\dimen146
LaTeX Info: Redefining \textmicrotypecontext on input line 1354.
\MT@listname@count=\count184

("C:\Users\mfaso\AppData\Local\Programs\MiKTeX 2.9\tex/latex/microtype\microtyp
e-xetex.def"
File: microtype-xetex.def 2019/11/18 v2.7d Definitions specific to xetex (RS)
LaTeX Info: Redefining \lsstyle on input line 258.
)
Package microtype Info: Loading configuration file microtype.cfg.

("C:\Users\mfaso\AppData\Local\Programs\MiKTeX 2.9\tex/latex/microtype\microtyp
e.cfg"
File: microtype.cfg 2019/11/18 v2.7d microtype main configuration file (RS)
))
("C:\Users\mfaso\AppData\Local\Programs\MiKTeX 2.9\tex/latex/hyperref\hyperref.
sty"
Package: hyperref 2020-05-15 v7.00e Hypertext links for LaTeX

("C:\Users\mfaso\AppData\Local\Programs\MiKTeX 2.9\tex/generic/ltxcmds\ltxcmds.
sty"
Package: ltxcmds 2019/12/15 v1.24 LaTeX kernel commands for general use (HO)
)
("C:\Users\mfaso\AppData\Local\Programs\MiKTeX 2.9\tex/generic/iftex\iftex.sty"
Package: iftex 2020/03/06 v1.0d TeX engine tests
)
("C:\Users\mfaso\AppData\Local\Programs\MiKTeX 2.9\tex/latex/pdftexcmds\pdftexc
mds.sty"
Package: pdftexcmds 2020-06-04 v0.32 Utility functions of pdfTeX for LuaTeX (HO
)

("C:\Users\mfaso\AppData\Local\Programs\MiKTeX 2.9\tex/generic/infwarerr\infwar
err.sty"
Package: infwarerr 2019/12/03 v1.5 Providing info/warning/error messages (HO)
)
Package pdftexcmds Info: \pdf@primitive is available.
Package pdftexcmds Info: \pdf@ifprimitive is available.
Package pdftexcmds Info: \pdfdraftmode not found.
)
("C:\Users\mfaso\AppData\Local\Programs\MiKTeX 2.9\tex/generic/kvsetkeys\kvsetk
eys.sty"
Package: kvsetkeys 2019/12/15 v1.18 Key value parser (HO)
)
("C:\Users\mfaso\AppData\Local\Programs\MiKTeX 2.9\tex/generic/kvdefinekeys\kvd
efinekeys.sty"
Package: kvdefinekeys 2019-12-19 v1.6 Define keys (HO)
)
("C:\Users\mfaso\AppData\Local\Programs\MiKTeX 2.9\tex/generic/pdfescape\pdfesc
ape.sty"
Package: pdfescape 2019/12/09 v1.15 Implements pdfTeX's escape features (HO)
)
("C:\Users\mfaso\AppData\Local\Programs\MiKTeX 2.9\tex/latex/hycolor\hycolor.st
y"
Package: hycolor 2020-01-27 v1.10 Color options for hyperref/bookmark (HO)
)
("C:\Users\mfaso\AppData\Local\Programs\MiKTeX 2.9\tex/latex/letltxmacro\letltx
macro.sty"
Package: letltxmacro 2019/12/03 v1.6 Let assignment for LaTeX macros (HO)
)
("C:\Users\mfaso\AppData\Local\Programs\MiKTeX 2.9\tex/latex/auxhook\auxhook.st
y"
Package: auxhook 2019-12-17 v1.6 Hooks for auxiliary files (HO)
)
("C:\Users\mfaso\AppData\Local\Programs\MiKTeX 2.9\tex/latex/kvoptions\kvoption
s.sty"
Package: kvoptions 2019/11/29 v3.13 Key value format for package options (HO)
)
\@linkdim=\dimen147
\Hy@linkcounter=\count185
\Hy@pagecounter=\count186

("C:\Users\mfaso\AppData\Local\Programs\MiKTeX 2.9\tex/latex/hyperref\pd1enc.de
f"
File: pd1enc.def 2020-05-15 v7.00e Hyperref: PDFDocEncoding definition (HO)
)
("C:\Users\mfaso\AppData\Local\Programs\MiKTeX 2.9\tex/generic/intcalc\intcalc.
sty"
Package: intcalc 2019/12/15 v1.3 Expandable calculations with integers (HO)
)
("C:\Users\mfaso\AppData\Local\Programs\MiKTeX 2.9\tex/generic/etexcmds\etexcmd
s.sty"
Package: etexcmds 2019/12/15 v1.7 Avoid name clashes with e-TeX commands (HO)
)
\Hy@SavedSpaceFactor=\count187
Package hyperref Info: Hyper figures OFF on input line 4464.
Package hyperref Info: Link nesting OFF on input line 4469.
Package hyperref Info: Hyper index ON on input line 4472.
Package hyperref Info: Plain pages OFF on input line 4479.
Package hyperref Info: Backreferencing OFF on input line 4484.
Package hyperref Info: Implicit mode ON; LaTeX internals redefined.
Package hyperref Info: Bookmarks ON on input line 4717.
\c@Hy@tempcnt=\count188
 ("C:\Users\mfaso\AppData\Local\Programs\MiKTeX 2.9\tex/latex/url\url.sty"
\Urlmuskip=\muskip17
Package: url 2013/09/16  ver 3.4  Verb mode for urls, etc.
)
LaTeX Info: Redefining \url on input line 5076.
\XeTeXLinkMargin=\dimen148

("C:\Users\mfaso\AppData\Local\Programs\MiKTeX 2.9\tex/generic/bitset\bitset.st
y"
Package: bitset 2019/12/09 v1.3 Handle bit-vector datatype (HO)

("C:\Users\mfaso\AppData\Local\Programs\MiKTeX 2.9\tex/generic/bigintcalc\bigin
tcalc.sty"
Package: bigintcalc 2019/12/15 v1.5 Expandable calculations on big integers (HO
)
))
\Fld@menulength=\count189
\Field@Width=\dimen149
\Fld@charsize=\dimen150
Package hyperref Info: Hyper figures OFF on input line 6347.
Package hyperref Info: Link nesting OFF on input line 6352.
Package hyperref Info: Hyper index ON on input line 6355.
Package hyperref Info: backreferencing OFF on input line 6362.
Package hyperref Info: Link coloring OFF on input line 6367.
Package hyperref Info: Link coloring with OCG OFF on input line 6372.
Package hyperref Info: PDF/A mode OFF on input line 6377.
LaTeX Info: Redefining \ref on input line 6417.
LaTeX Info: Redefining \pageref on input line 6421.

("C:\Users\mfaso\AppData\Local\Programs\MiKTeX 2.9\tex/generic/atbegshi\atbegsh
i.sty"
Package: atbegshi 2019/12/05 v1.19 At begin shipout hook (HO)
)
\Hy@abspage=\count190
\c@Item=\count191
\c@Hfootnote=\count192
)
Package hyperref Info: Driver (autodetected): hxetex.

("C:\Users\mfaso\AppData\Local\Programs\MiKTeX 2.9\tex/latex/hyperref\hxetex.de
f"
File: hxetex.def 2020-05-15 v7.00e Hyperref driver for XeTeX

("C:\Users\mfaso\AppData\Local\Programs\MiKTeX 2.9\tex/latex/hyperref\puenc.def
"
File: puenc.def 2020-05-15 v7.00e Hyperref: PDF Unicode definition (HO)
)
("C:\Users\mfaso\AppData\Local\Programs\MiKTeX 2.9\tex/generic/stringenc\string
enc.sty"
Package: stringenc 2019/11/29 v1.12 Convert strings between diff. encodings (HO
)
)
\pdfm@box=\box47
\c@Hy@AnnotLevel=\count193
\HyField@AnnotCount=\count194
\Fld@listcount=\count195
\c@bookmark@seq@number=\count196

("C:\Users\mfaso\AppData\Local\Programs\MiKTeX 2.9\tex/latex/rerunfilecheck\rer
unfilecheck.sty"
Package: rerunfilecheck 2019/12/05 v1.9 Rerun checks for auxiliary files (HO)

("C:\Users\mfaso\AppData\Local\Programs\MiKTeX 2.9\tex/latex/atveryend\atveryen
d.sty"
Package: atveryend 2019-12-11 v1.11 Hooks at the very end of document (HO)
Package atveryend Info: \enddocument detected (standard20110627).
)
("C:\Users\mfaso\AppData\Local\Programs\MiKTeX 2.9\tex/generic/uniquecounter\un
iquecounter.sty"
Package: uniquecounter 2019/12/15 v1.4 Provide unlimited unique counter (HO)
)
Package uniquecounter Info: New unique counter `rerunfilecheck' on input line 2
86.
)
\Hy@SectionHShift=\skip52
)
("C:\Users\mfaso\AppData\Local\Programs\MiKTeX 2.9\tex/latex/titlesec\titlesec.
sty"
Package: titlesec 2019/10/16 v2.13 Sectioning titles
\ttl@box=\box48
\beforetitleunit=\skip53
\aftertitleunit=\skip54
\ttl@plus=\dimen151
\ttl@minus=\dimen152
\ttl@toksa=\toks23
\titlewidth=\dimen153
\titlewidthlast=\dimen154
\titlewidthfirst=\dimen155
)
("C:\Users\mfaso\AppData\Local\Programs\MiKTeX 2.9\tex/generic/stringenc\se-asc
ii-print.def"
File: se-ascii-print.def 2019/11/29 v1.12 stringenc: Printable ASCII characters

)
Package hyperref Info: Option `colorlinks' set `true' on input line 34.

("C:\Users\mfaso\AppData\Local\Programs\MiKTeX 2.9\tex/latex/upquote\upquote.st
y"
Package: upquote 2012/04/19 v1.3 upright-quote and grave-accent glyphs in verba
tim

("C:\Users\mfaso\AppData\Local\Programs\MiKTeX 2.9\tex/latex/base\textcomp.sty"
Package: textcomp 2020/02/02 v2.0n Standard LaTeX package
))
("C:\Users\mfaso\AppData\Local\Programs\MiKTeX 2.9\tex/latex/listings\listings.
sty"
\lst@mode=\count197
\lst@gtempboxa=\box49
\lst@token=\toks24
\lst@length=\count198
\lst@currlwidth=\dimen156
\lst@column=\count199
\lst@pos=\count266
\lst@lostspace=\dimen157
\lst@width=\dimen158
\lst@newlines=\count267
\lst@lineno=\count268
\lst@maxwidth=\dimen159

("C:\Users\mfaso\AppData\Local\Programs\MiKTeX 2.9\tex/latex/listings\lstmisc.s
ty"
File: lstmisc.sty 2020/03/24 1.8d (Carsten Heinz)
\c@lstnumber=\count269
\lst@skipnumbers=\count270
\lst@framebox=\box50
)
("C:\Users\mfaso\AppData\Local\Programs\MiKTeX 2.9\tex/latex/listings\listings.
cfg"
File: listings.cfg 2020/03/24 1.8d listings configuration
))
Package: listings 2020/03/24 1.8d (Carsten Heinz)

("C:\Users\mfaso\AppData\Local\Programs\MiKTeX 2.9\tex/latex/xcolor\xcolor.sty"
Package: xcolor 2016/05/11 v2.12 LaTeX color extensions (UK)

("C:\Users\mfaso\AppData\Local\Programs\MiKTeX 2.9\tex/latex/graphics-cfg\color
.cfg"
File: color.cfg 2016/01/02 v1.6 sample color configuration
)
Package xcolor Info: Driver file: xetex.def on input line 225.
Package xcolor Info: Model `cmy' substituted by `cmy0' on input line 1348.
Package xcolor Info: Model `RGB' extended on input line 1364.
Package xcolor Info: Model `HTML' substituted by `rgb' on input line 1366.
Package xcolor Info: Model `Hsb' substituted by `hsb' on input line 1367.
Package xcolor Info: Model `tHsb' substituted by `hsb' on input line 1368.
Package xcolor Info: Model `HSB' substituted by `hsb' on input line 1369.
Package xcolor Info: Model `Gray' substituted by `gray' on input line 1370.
Package xcolor Info: Model `wave' substituted by `hsb' on input line 1371.
)
("C:\Users\mfaso\AppData\Local\Programs\MiKTeX 2.9\tex/latex/l3backend\l3backen
d-xdvipdfmx.def"
File: l3backend-xdvipdfmx.def 2020-06-03 L3 backend support: xdvipdfmx
\g__graphics_track_int=\count271
\l__pdf_internal_box=\box51
\g__pdf_backend_object_int=\count272
\g__pdf_backend_annotation_int=\count273
) (Chapter5.aux)
\openout1 = `Chapter5.aux'.

LaTeX Font Info:    Checking defaults for OML/cmm/m/it on input line 268.
LaTeX Font Info:    ... okay on input line 268.
LaTeX Font Info:    Checking defaults for OMS/cmsy/m/n on input line 268.
LaTeX Font Info:    ... okay on input line 268.
LaTeX Font Info:    Checking defaults for OT1/cmr/m/n on input line 268.
LaTeX Font Info:    ... okay on input line 268.
LaTeX Font Info:    Checking defaults for T1/cmr/m/n on input line 268.
LaTeX Font Info:    ... okay on input line 268.
LaTeX Font Info:    Checking defaults for TS1/cmr/m/n on input line 268.
LaTeX Font Info:    Trying to load font information for TS1+cmr on input line 2
68.

("C:\Users\mfaso\AppData\Local\Programs\MiKTeX 2.9\tex/latex/base\ts1cmr.fd"
File: ts1cmr.fd 2019/12/16 v2.5j Standard LaTeX font definitions
)
LaTeX Font Info:    ... okay on input line 268.
LaTeX Font Info:    Checking defaults for TU/lmr/m/n on input line 268.
LaTeX Font Info:    ... okay on input line 268.
LaTeX Font Info:    Checking defaults for OMX/cmex/m/n on input line 268.
LaTeX Font Info:    ... okay on input line 268.
LaTeX Font Info:    Checking defaults for U/cmr/m/n on input line 268.
LaTeX Font Info:    ... okay on input line 268.
LaTeX Font Info:    Checking defaults for PD1/pdf/m/n on input line 268.
LaTeX Font Info:    ... okay on input line 268.
LaTeX Font Info:    Checking defaults for PU/pdf/m/n on input line 268.
LaTeX Font Info:    ... okay on input line 268.
LaTeX Info: Redefining \microtypecontext on input line 268.
Package microtype Info: Character protrusion enabled (level 2).
Package microtype Info: Using default protrusion set `alltext'.
Package microtype Info: No adjustment of tracking.
Package microtype Info: No adjustment of spacing.
Package microtype Info: No adjustment of kerning.

("C:\Users\mfaso\AppData\Local\Programs\MiKTeX 2.9\tex/latex/microtype\mt-Latin
ModernRoman.cfg"
File: mt-LatinModernRoman.cfg 2013/03/13 v1.0 microtype config. file: Latin Mod
ern Roman (RS)
)
\AtBeginShipoutBox=\box52
Package hyperref Info: Link coloring ON on input line 268.

("C:\Users\mfaso\AppData\Local\Programs\MiKTeX 2.9\tex/latex/hyperref\nameref.s
ty"
Package: nameref 2019/09/16 v2.46 Cross-referencing by name of section

("C:\Users\mfaso\AppData\Local\Programs\MiKTeX 2.9\tex/latex/refcount\refcount.
sty"
Package: refcount 2019/12/15 v3.6 Data extraction from label references (HO)
)
("C:\Users\mfaso\AppData\Local\Programs\MiKTeX 2.9\tex/generic/gettitlestring\g
ettitlestring.sty"
Package: gettitlestring 2019/12/15 v1.6 Cleanup title references (HO)
)
\c@section@level=\count274
)
LaTeX Info: Redefining \ref on input line 268.
LaTeX Info: Redefining \pageref on input line 268.
LaTeX Info: Redefining \nameref on input line 268.
 (Chapter5.out) (Chapter5.out)
\@outlinefile=\write3
\openout3 = `Chapter5.out'.

\c@lstlisting=\count275
Package microtype Info: Loading generic protrusion settings for font family
(microtype)             `lmss' (encoding: TU).
(microtype)             For optimal results, create family-specific settings.
(microtype)             See the microtype manual for details.


Package hyperref Warning: Difference (2) between bookmark levels is greater 
(hyperref)                than one, level fixed on input line 274.


("C:\Users\mfaso\AppData\Local\Programs\MiKTeX 2.9\tex/latex/microtype\mt-cmr.c
fg"
File: mt-cmr.cfg 2013/05/19 v2.2 microtype config. file: Computer Modern Roman 
(RS)
)
LaTeX Font Info:    Trying to load font information for U+msa on input line 275
.

("C:\Users\mfaso\AppData\Local\Programs\MiKTeX 2.9\tex/latex/amsfonts\umsa.fd"
File: umsa.fd 2013/01/14 v3.01 AMS symbols A
)
("C:\Users\mfaso\AppData\Local\Programs\MiKTeX 2.9\tex/latex/microtype\mt-msa.c
fg"
File: mt-msa.cfg 2006/02/04 v1.1 microtype config. file: AMS symbols (a) (RS)
)
LaTeX Font Info:    Trying to load font information for U+msb on input line 275
.

("C:\Users\mfaso\AppData\Local\Programs\MiKTeX 2.9\tex/latex/amsfonts\umsb.fd"
File: umsb.fd 2013/01/14 v3.01 AMS symbols B
)
("C:\Users\mfaso\AppData\Local\Programs\MiKTeX 2.9\tex/latex/microtype\mt-msb.c
fg"
File: mt-msb.cfg 2005/06/01 v1.0 microtype config. file: AMS symbols (b) (RS)
)
Overfull \hbox (105.0562pt too wide) detected at line 284
\OML/cmm/m/it/24.88 u\OT1/cmr/m/n/24.88 (\OML/cmm/m/it/24.88 x; \OT1/cmr/m/n/24
.88 0) = \OML/cmm/m/it/24.88 f\OT1/cmr/m/n/24.88 (\OML/cmm/m/it/24.88 x\OT1/cmr
/m/n/24.88 )\OML/cmm/m/it/24.88 ;  \OT1/cmr/m/n/24.88 0 \OMS/cmsy/m/n/24.88 ^^T
 \OML/cmm/m/it/24.88 x \OMS/cmsy/m/n/24.88 ^^T \OT1/cmr/m/n/24.88 1\OML/cmm/m/i
t/24.88 ;  u\OT1/cmr/m/n/24.88 (0\OML/cmm/m/it/24.88 ; t\OT1/cmr/m/n/24.88 ) = 
\OML/cmm/m/it/24.88 '[]\OT1/cmr/m/n/24.88 (\OML/cmm/m/it/24.88 t\OT1/cmr/m/n/24
.88 )\OML/cmm/m/it/24.88 ;  u\OT1/cmr/m/n/24.88 (1\OML/cmm/m/it/24.88 ; t\OT1/c
mr/m/n/24.88 ) = \OML/cmm/m/it/24.88 '[]\OT1/cmr/m/n/24.88 (\OML/cmm/m/it/24.88
 t\OT1/cmr/m/n/24.88 )\OML/cmm/m/it/24.88 ;  t \OMS/cmsy/m/n/24.88 ^^U \OT1/cmr
/m/n/24.88 0\OML/cmm/m/it/24.88 :
 []

[1

]
Overfull \hbox (61.17445pt too wide) detected at line 311
\OML/cmm/m/it/24.88 u\OT1/cmr/m/n/24.88 (0\OML/cmm/m/it/24.88 ; t[]\OT1/cmr/m/n
/24.88 ) = [] = \OML/cmm/m/it/24.88 '[]\OT1/cmr/m/n/24.88 (\OML/cmm/m/it/24.88 
t[]\OT1/cmr/m/n/24.88 ) = \OML/cmm/m/it/24.88 u[];  u\OT1/cmr/m/n/24.88 (1\OML/
cmm/m/it/24.88 ; t[]\OT1/cmr/m/n/24.88 ) = [] = \OML/cmm/m/it/24.88 '[]\OT1/cmr
/m/n/24.88 (\OML/cmm/m/it/24.88 t[]\OT1/cmr/m/n/24.88 ) = \OML/cmm/m/it/24.88 u
[];  i \OMS/cmsy/m/n/24.88 ^^U \OT1/cmr/m/n/24.88 0\OML/cmm/m/it/24.88 :
 []

[2] [3]
Overfull \hbox (130.22847pt too wide) detected at line 337
[] \OMS/cmsy/m/n/24.88 ^^@ [] \OT1/cmr/m/n/24.88 = \OML/cmm/m/it/24.88 u[]\OT1/
cmr/m/n/24.88 (\OML/cmm/m/it/24.88 x[]; t[]\OT1/cmr/m/n/24.88 ) \OMS/cmsy/m/n/2
4.88 ^^@ \OML/cmm/m/it/24.88 u[]\OT1/cmr/m/n/24.88 (\OML/cmm/m/it/24.88 x[]; t[
]\OT1/cmr/m/n/24.88 ) + \OMS/cmsy/m/n/24.88 O\OT1/cmr/m/n/24.88 (\OML/cmm/m/it/
24.88 h[]\OT1/cmr/m/n/24.88 ) = \OMS/cmsy/m/n/24.88 O\OT1/cmr/m/n/24.88 (\OML/c
mm/m/it/24.88 h[]\OT1/cmr/m/n/24.88 )\OML/cmm/m/it/24.88 ;  h \OMS/cmsy/m/n/24.
88 ! \OT1/cmr/m/n/24.88 0\OML/cmm/m/it/24.88 :
 []

LaTeX Font Info:    Font shape `TU/lmss/m/it' in size <24.88> not available
(Font)              Font shape `TU/lmss/m/sl' tried instead on input line 348.
[4] [5]
Package microtype Info: Loading generic protrusion settings for font family
(microtype)             `lmtt' (encoding: TU).
(microtype)             For optimal results, create family-specific settings.
(microtype)             See the microtype manual for details.
LaTeX Font Info:    Font shape `TU/lmtt/bx/n' in size <24.88> not available
(Font)              Font shape `TU/lmtt/b/n' tried instead on input line 396.
 [6] [7] [8]
Overfull \hbox (57.88124pt too wide) in paragraph at lines 463--464
[][][][]\TU/lmtt/m/n/24.88 surface[](x,t[[]1[][]\TU/lmtt/b/n/24.88 :[]\TU/lmtt/
m/n/24.88 inc[]\TU/lmtt/b/n/24.88 :[][]end[]\TU/lmtt/m/n/24.88 ],u[[]1[][]\TU/l
mtt/b/n/24.88 :[]\TU/lmtt/m/n/24.88 inc[]\TU/lmtt/b/n/24.88 :[][]end[]\TU/lmtt/
m/n/24.88 ,[]\TU/lmtt/b/n/24.88 :[]\TU/lmtt/m/n/24.88 ],seriescolor[]\TU/lmtt/b
/n/24.88 =:[]\TU/lmtt/m/n/24.88 redsblues,[] 
 []

File: /figures/Chapter5_4_1.pdf Graphic file (type pdf)
<use /figures/Chapter5_4_1.pdf>
[9] [10] [11]
Overfull \hbox (32.25484pt too wide) in paragraph at lines 525--526
[][][][]\TU/lmtt/m/n/24.88 surface[](x,t[[]1[][]\TU/lmtt/b/n/24.88 :[][]\TU/lmt
t/m/n/24.88 30[][]\TU/lmtt/b/n/24.88 :[][]end[]\TU/lmtt/m/n/24.88 ],u[[]1[][]\T
U/lmtt/b/n/24.88 :[][]\TU/lmtt/m/n/24.88 30[][]\TU/lmtt/b/n/24.88 :[][]end[]\TU
/lmtt/m/n/24.88 ,[]\TU/lmtt/b/n/24.88 :[]\TU/lmtt/m/n/24.88 ],seriescolor[]\TU/
lmtt/b/n/24.88 =:[]\TU/lmtt/m/n/24.88 redsblues,[] 
 []

File: /figures/Chapter5_9_1.pdf Graphic file (type pdf)
<use /figures/Chapter5_9_1.pdf>
[12] [13] [14]
Overfull \hbox (32.25484pt too wide) in paragraph at lines 563--564
[][][][]\TU/lmtt/m/n/24.88 surface[](x,t[[]1[][]\TU/lmtt/b/n/24.88 :[][]\TU/lmt
t/m/n/24.88 30[][]\TU/lmtt/b/n/24.88 :[][]end[]\TU/lmtt/m/n/24.88 ],u[[]1[][]\T
U/lmtt/b/n/24.88 :[][]\TU/lmtt/m/n/24.88 30[][]\TU/lmtt/b/n/24.88 :[][]end[]\TU
/lmtt/m/n/24.88 ,[]\TU/lmtt/b/n/24.88 :[]\TU/lmtt/m/n/24.88 ],seriescolor[]\TU/
lmtt/b/n/24.88 =:[]\TU/lmtt/m/n/24.88 redsblues,[] 
 []

File: /figures/Chapter5_12_1.pdf Graphic file (type pdf)
<use /figures/Chapter5_12_1.pdf>
[15] [16] [17] [18] [19] [20] [21] [22] [23]
Overfull \hbox (142.4129pt too wide) detected at line 731
\OMS/cmsy/m/n/24.88 k[]\OT1/cmr/m/n/24.88 (\OML/cmm/m/it/24.88 x; t\OT1/cmr/m/n
/24.88 ) \OMS/cmsy/m/n/24.88 ^^@ \OML/cmm/m/it/24.88 u\OT1/cmr/m/n/24.88 (\OML/
cmm/m/it/24.88 x; t\OT1/cmr/m/n/24.88 )\OMS/cmsy/m/n/24.88 k[] \OT1/cmr/m/n/24.
88 = [] [] [][] e[] = [] [] e[] \OMS/cmsy/m/n/24.88 ! 1\OML/cmm/m/it/24.88 ;  N
 \OMS/cmsy/m/n/24.88 ! 1\OML/cmm/m/it/24.88 :
 []

[24]
Overfull \hbox (29.17035pt too wide) in paragraph at lines 731--733
\TU/lmss/m/n/24.88 This shows that for an arbitrarily small perturbation of the
 initial data ($\OMS/cmsy/m/n/24.88 k[]\OT1/cmr/m/n/24.88 (\OML/cmm/m/it/24.88 
x; \OT1/cmr/m/n/24.88 0) \OMS/cmsy/m/n/24.88 ^^@
 []

[25] [26] [27]
Overfull \hbox (231.88231pt too wide) detected at line 815
\OT1/cmr/bx/n/24.88 u[] \OT1/cmr/m/n/24.88 = [] \OML/cmm/m/it/24.88 ;  A \OT1/c
mr/m/n/24.88 = [] \OMS/cmsy/m/n/24.88 2 \U/msb/m/n/24.88 R[]\OML/cmm/m/it/24.88
 ;  \OT1/cmr/bx/n/24.88 k[] \OT1/cmr/m/n/24.88 = [] \OMS/cmsy/m/n/24.88 2 \U/ms
b/m/n/24.88 R[]\OML/cmm/m/it/24.88 :
 []

[28] [29] [30] [31] [32] [33] [34] [35] [36]
Overfull \hbox (32.50627pt too wide) detected at line 978
\OML/cmm/m/it/24.88 ^^U[] \OT1/cmr/m/n/24.88 = 1 \OMS/cmsy/m/n/24.88 ^^@ \OT1/c
mr/m/n/24.88 2\OML/cmm/m/it/24.88 ^^V \OT1/cmr/m/n/24.88 + 2\OML/cmm/m/it/24.88
 ^^V []\OT1/cmr/m/n/24.88 (\OML/cmm/m/it/24.88 ^^Yx[]\OT1/cmr/m/n/24.88 ) = 1 \
OMS/cmsy/m/n/24.88 ^^@ \OT1/cmr/m/n/24.88 2\OML/cmm/m/it/24.88 ^^V \OT1/cmr/m/n
/24.88 + 2\OML/cmm/m/it/24.88 ^^V\OT1/cmr/m/n/24.88 (1 \OMS/cmsy/m/n/24.88 ^^@ 
\OT1/cmr/m/n/24.88 2 [][](\OML/cmm/m/it/24.88 ^^Yx[]=\OT1/cmr/m/n/24.88 2)) = 1
 \OMS/cmsy/m/n/24.88 ^^@ \OT1/cmr/m/n/24.88 4\OML/cmm/m/it/24.88 ^^V [][]\OT1/c
mr/m/n/24.88 (\OML/cmm/m/it/24.88 ^^Yx[]=\OT1/cmr/m/n/24.88 2)
 []

[37] [38]
Overfull \hbox (233.85008pt too wide) detected at line 1051
\OT1/cmr/bx/n/24.88 u[] \OT1/cmr/m/n/24.88 = [] \OML/cmm/m/it/24.88 ;  B \OT1/c
mr/m/n/24.88 = [] \OMS/cmsy/m/n/24.88 2 \U/msb/m/n/24.88 R[]\OML/cmm/m/it/24.88
 ;  \OT1/cmr/bx/n/24.88 k[] \OT1/cmr/m/n/24.88 = [] \OMS/cmsy/m/n/24.88 2 \U/ms
b/m/n/24.88 R[]\OML/cmm/m/it/24.88 :
 []

[39] [40] [41]
Overfull \hbox (47.16362pt too wide) detected at line 1097
\OML/cmm/m/it/24.88 ^^U[] \OT1/cmr/m/n/24.88 = 1 + 2\OML/cmm/m/it/24.88 ^^V \OM
S/cmsy/m/n/24.88 ^^@ \OT1/cmr/m/n/24.88 2\OML/cmm/m/it/24.88 ^^V [] [] \OT1/cmr
/m/n/24.88 = 1 + 2\OML/cmm/m/it/24.88 ^^V \OMS/cmsy/m/n/24.88 ^^@ \OT1/cmr/m/n/
24.88 2\OML/cmm/m/it/24.88 ^^V\OT1/cmr/m/n/24.88 (1 \OMS/cmsy/m/n/24.88 ^^@ \OT
1/cmr/m/n/24.88 2 [][](\OML/cmm/m/it/24.88 ^^Yx[]=\OT1/cmr/m/n/24.88 2)) = 1 + 
4\OML/cmm/m/it/24.88 ^^V [][]\OT1/cmr/m/n/24.88 (\OML/cmm/m/it/24.88 ^^Yx[]=\OT
1/cmr/m/n/24.88 2)\OML/cmm/m/it/24.88 :
 []

[42] [43] [44] [45] [46]
Overfull \hbox (36.76028pt too wide) detected at line 1231
[]\OT1/cmr/m/n/24.88 (\OML/cmm/m/it/24.88 t\OT1/cmr/m/n/24.88 ) = \OML/cmm/m/it
/24.88 u[]\OT1/cmr/m/n/24.88 (\OML/cmm/m/it/24.88 x[]; t\OT1/cmr/m/n/24.88 ) = 
[] [] = \OML/cmm/m/it/24.88 u[]\OT1/cmr/m/n/24.88 (\OML/cmm/m/it/24.88 x[]; t\O
T1/cmr/m/n/24.88 ) + \OMS/cmsy/m/n/24.88 O\OT1/cmr/m/n/24.88 (\OML/cmm/m/it/24.
88 h[]\OT1/cmr/m/n/24.88 )\OML/cmm/m/it/24.88 ;  h \OMS/cmsy/m/n/24.88 ! \OT1/c
mr/m/n/24.88 0\OML/cmm/m/it/24.88 ;
 []

[47] [48] [49] [50] [51]
Overfull \hbox (316.70142pt too wide) detected at line 1356
\OML/cmm/m/it/24.88 ^^U[] \OT1/cmr/m/n/24.88 = [] [] = [] [] = \OMS/cmsy/m/n/24
.88 ^^@[] [][]\OT1/cmr/m/n/24.88 (\OML/cmm/m/it/24.88 ^^Yx[]=\OT1/cmr/m/n/24.88
 2)\OML/cmm/m/it/24.88 ;  j \OT1/cmr/m/n/24.88 = 1\OML/cmm/m/it/24.88 ; [] ; n[
]:
 []

[52] [53] [54] [55]
Overfull \vbox (111.78008pt too high) has occurred while \output is active []


[56] [57] [58] [59] [60] [61] [62] [63]
File: /figures/Chapter5_26_1.pdf Graphic file (type pdf)
<use /figures/Chapter5_26_1.pdf>
 [64] [65]
File: /figures/Chapter5_29_1.pdf Graphic file (type pdf)
<use /figures/Chapter5_29_1.pdf>
 [66] [67] [68] [69]
Overfull \hbox (111.34222pt too wide) detected at line 1736
\OML/cmm/m/it/24.88 u\OT1/cmr/m/n/24.88 (\OML/cmm/m/it/24.88 x[]; \OT1/cmr/m/n/
24.88 0) = \OML/cmm/m/it/24.88 f\OT1/cmr/m/n/24.88 (\OML/cmm/m/it/24.88 x[]\OT1
/cmr/m/n/24.88 ) = \OML/cmm/m/it/24.88 u[]\OT1/cmr/m/n/24.88 (\OML/cmm/m/it/24.
88 x[]; \OT1/cmr/m/n/24.88 0) = [] [](0)e[]\OML/cmm/m/it/24.88 ;  x[] \OT1/cmr/
m/n/24.88 = []\OML/cmm/m/it/24.88 ;  j \OT1/cmr/m/n/24.88 = 0\OML/cmm/m/it/24.8
8 ; [] ; n \OMS/cmsy/m/n/24.88 ^^@ \OT1/cmr/m/n/24.88 1\OML/cmm/m/it/24.88 :
 []

[70] [71] [72] [73] [74] [75] [76] [77] [78]
Overfull \hbox (68.0834pt too wide) in paragraph at lines 1939--1941
\TU/lmss/m/n/24.88 From the results of Chapter 2, it follows that the command $
\OML/cmm/m/it/24.88 ifft\OT1/cmr/m/n/24.88 (\OML/cmm/m/it/24.88 ifftshift\OT1/c
mr/m/n/24.88 (\OMS/cmsy/m/n/24.88 ^^@\OT1/cmr/m/n/24.88 (\OMS/cmsy/m/n/24.88 ^^
@\OML/cmm/m/it/24.88 m \OT1/cmr/m/n/24.88 :
 []

[79] [80] [81] [82] [83] [84]
Overfull \hbox (99.95491pt too wide) in alignment at lines 2086--2145
 [][][] []
 []

[85] [86] [87] [88] [89] [90] [91] [92] [93]
Overfull \hbox (55.56973pt too wide) detected at line 2356
[] [] \OT1/cmr/m/n/24.88 = \OML/cmm/m/it/24.88 ^^U [] :
 []

[94]
File: /figures/Chapter5_43_1.pdf Graphic file (type pdf)
<use /figures/Chapter5_43_1.pdf>
 [95] [96]
File: /figures/Chapter5_44_1.pdf Graphic file (type pdf)
<use /figures/Chapter5_44_1.pdf>
 [97] [98]
Overfull \hbox (81.76685pt too wide) in paragraph at lines 2430--2431
[][][][]\TU/lmtt/m/n/24.88 scatter[](nvc[]\TU/lmtt/b/n/24.88 .-[][]\TU/lmtt/m/n
/24.88 1[],$\OML/cmm/m/it/24.88 ^^Z$\TU/lmtt/m/n/24.88 c;yscale[]\TU/lmtt/b/n/2
4.88 =:[]\TU/lmtt/m/n/24.88 log10,legend[]\TU/lmtt/b/n/24.88 =:[]\TU/lmtt/m/n/2
4.88 topleft,label[]\TU/lmtt/b/n/24.88 =[][]\TU/lmtt/m/n/24.88 "spectral[][] 
 []


LaTeX Warning: Command \^ invalid in math mode on input line 2431.

Missing character: There is no ̂ in font cmmi12!
File: /figures/Chapter5_46_1.pdf Graphic file (type pdf)
<use /figures/Chapter5_46_1.pdf>
[99] [100]
File: /figures/Chapter5_48_1.pdf Graphic file (type pdf)
<use /figures/Chapter5_48_1.pdf>
 [101] [102]
File: /figures/Chapter5_49_1.pdf Graphic file (type pdf)
<use /figures/Chapter5_49_1.pdf>
 [103] [104] [105] [106] [107] [108] [109] [110] [111]
[112] [113] [114] [115] [116] [117] [118] [119]
Overfull \hbox (4.88687pt too wide) in paragraph at lines 2834--2835
[][][][]\TU/lmtt/m/n/24.88 plot[](nvc[]\TU/lmtt/b/n/24.88 .-[][]\TU/lmtt/m/n/24
.88 1[],collnorms;yscale[]\TU/lmtt/b/n/24.88 =:[]\TU/lmtt/m/n/24.88 log10,lw[]\
TU/lmtt/b/n/24.88 =[][]\TU/lmtt/m/n/24.88 4[],label[]\TU/lmtt/b/n/24.88 =[][]\T
U/lmtt/m/n/24.88 "Chebyshev[][] 
 []


LaTeX Warning: Command \^ invalid in math mode on input line 2836.

Missing character: There is no ̂ in font cmmi12!

LaTeX Warning: Command \^ invalid in math mode on input line 2837.

Missing character: There is no ̂ in font cmmi12!
File: /figures/Chapter5_60_1.pdf Graphic file (type pdf)
<use /figures/Chapter5_60_1.pdf>
[120] [121]
Overfull \hbox (109.26161pt too wide) detected at line 2858
\OT1/cmr/bx/n/24.88 u[] \OT1/cmr/m/n/24.88 = \OT1/cmr/bx/n/24.88 u[] \OMS/cmsy/
m/n/24.88 ^^@ \OT1/cmr/m/n/24.88 2\OML/cmm/m/it/24.88 ^^\c\OT1/cmr/m/n/24.88 (\
OT1/cmr/bx/n/24.88 x\OT1/cmr/m/n/24.88 ) \OMS/cmsy/m/n/24.88 ^^A F[] [] \OML/cm
m/m/it/24.88 ;  i \OT1/cmr/m/n/24.88 = 0\OML/cmm/m/it/24.88 ; [] ; n[] \OMS/cms
y/m/n/24.88 ^^@ \OT1/cmr/m/n/24.88 1\OML/cmm/m/it/24.88 ;  \OT1/cmr/bx/n/24.88 
u[] \OT1/cmr/m/n/24.88 = \OT1/cmr/bx/n/24.88 f\OML/cmm/m/it/24.88 ;
 []

[122]
Overfull \hbox (221.49773pt too wide) detected at line 2866
\OMS/cmsy/m/n/24.88 F[] [] \OT1/cmr/m/n/24.88 = \OML/cmm/m/it/24.88 Q[]P[]\OT1/
cmr/m/n/24.88 ^^C\OML/cmm/m/it/24.88 PQ[]\OT1/cmr/bx/n/24.88 u[]\OML/cmm/m/it/2
4.88 ;  \OT1/cmr/m/n/24.88 ^^C = i [](\OMS/cmsy/m/n/24.88 ^^@\OML/cmm/m/it/24.8
8 m; \OMS/cmsy/m/n/24.88 ^^@\OT1/cmr/m/n/24.88 (\OML/cmm/m/it/24.88 m \OMS/cmsy
/m/n/24.88 ^^@ \OT1/cmr/m/n/24.88 1)\OML/cmm/m/it/24.88 ; [] ; \OT1/cmr/m/n/24.
88 0\OML/cmm/m/it/24.88 ; \OT1/cmr/m/n/24.88 1\OML/cmm/m/it/24.88 ; [] ; m\OT1/
cmr/m/n/24.88 )\OML/cmm/m/it/24.88 :
 []

[123] [124]
File: /figures/Chapter5_61_1.pdf Graphic file (type pdf)
<use /figures/Chapter5_61_1.pdf>
 [125] [126] [127] [128] [129] [130] [131] [132]
Overfull \hbox (70.53026pt too wide) detected at line 3071
\OML/cmm/m/it/24.88 u\OT1/cmr/m/n/24.88 (\OML/cmm/m/it/24.88 x; t\OT1/cmr/m/n/2
4.88 ) \OMS/cmsy/m/n/24.88 ^^Y \OML/cmm/m/it/24.88 u[]\OT1/cmr/m/n/24.88 (\OML/
cmm/m/it/24.88 x; t\OT1/cmr/m/n/24.88 ) = [] \OML/cmm/m/it/24.88 `[]\OT1/cmr/m/
n/24.88 (\OML/cmm/m/it/24.88 x\OT1/cmr/m/n/24.88 )\OML/cmm/m/it/24.88 v[]\OT1/c
mr/m/n/24.88 (\OML/cmm/m/it/24.88 t\OT1/cmr/m/n/24.88 )\OML/cmm/m/it/24.88 ;  `
[]\OT1/cmr/m/n/24.88 (\OML/cmm/m/it/24.88 x\OT1/cmr/m/n/24.88 ) = [] []\OML/cmm
/m/it/24.88 ;  x[] \OT1/cmr/m/n/24.88 = [] [] \OML/cmm/m/it/24.88 ;
 []


Overfull \hbox (168.57991pt too wide) in alignment at lines 3080--3121
 [][][] []
 []

[133] [134] [135] [136] [137] [138] [139] [140] [141] [142] [143] [144]
[145]
Package atveryend Info: Empty hook `BeforeClearDocument' on input line 3340.
 [146]
Package atveryend Info: Empty hook `AfterLastShipout' on input line 3340.
 (Chapter5.aux)
Package atveryend Info: Empty hook `AtVeryEndDocument' on input line 3340.
Package atveryend Info: Executing hook `AtEndAfterFileList' on input line 3340.

Package rerunfilecheck Info: File `Chapter5.out' has not changed.
(rerunfilecheck)             Checksum: 7A1BB3784C4DA3D81FCC5E272DA9761F;3005.
Package atveryend Info: Empty hook `AtVeryVeryEnd' on input line 3340.
 ) 
Here is how much of TeX's memory you used:
 12984 strings out of 414078
 188355 string characters out of 2893959
 523516 words of memory out of 3000000
 30453 multiletter control sequences out of 15000+200000
 540224 words of font info for 68 fonts, out of 3000000 for 9000
 1348 hyphenation exceptions out of 8191
 34i,16n,48p,971b,1887s stack positions out of 5000i,500n,10000p,200000b,50000s

Output written on Chapter5.pdf (146 pages).
