\BOOKMARK [1][-]{section.1}{Chapter\0405:\040Consistency,\040stability\040and\040convergence\040of\040methods\040for\040evolutionary\040PDEs}{}% 1
\BOOKMARK [2][-]{subsubsection.1.0.1}{A\040finite\040difference\040method\040for\040the\040diffusion\040equation}{section.1}% 2
\BOOKMARK [3][-]{subsubsection.1.0.2}{Order\040and\040convergence}{subsubsection.1.0.1}% 3
\BOOKMARK [3][-]{subsubsection.1.0.3}{Numerical\040experiments\040with\040Euler's\040method}{subsubsection.1.0.1}% 4
\BOOKMARK [3][-]{subsubsection.1.0.4}{Convergence\040of\040Euler's\040method}{subsubsection.1.0.1}% 5
\BOOKMARK [3][-]{subsubsection.1.0.5}{Well-posedness\040and\040ill-posedness\040of\040PDE\040problems}{subsubsection.1.0.1}% 6
\BOOKMARK [3][-]{subsubsection.1.0.6}{Stability\040of\040numerical\040methods\040for\040PDEs}{subsubsection.1.0.1}% 7
\BOOKMARK [2][-]{subsection.1.1}{Implicit\040Euler\040method}{section.1}% 8
\BOOKMARK [3][-]{subsubsection.1.1.1}{Von\040Neumann\040stability\040analysis}{subsection.1.1}% 9
\BOOKMARK [3][-]{subsubsection.1.1.2}{Stability\040analysis\040via\040matrix\040analysis}{subsection.1.1}% 10
\BOOKMARK [3][-]{subsubsection.1.1.3}{Numerical\040experiment}{subsection.1.1}% 11
\BOOKMARK [2][-]{subsection.1.2}{Semi-discretisation\040/\040Method\040of\040lines}{section.1}% 12
\BOOKMARK [3][-]{subsubsection.1.2.1}{Von\040Neumann\040stability\040analysis\040of\040semi-discrete\040methods}{subsection.1.2}% 13
\BOOKMARK [3][-]{subsubsection.1.2.2}{Stability\040analysis\040via\040matrix\040analysis\040for\040semi-discrete\040methods}{subsection.1.2}% 14
\BOOKMARK [3][-]{subsubsection.1.2.3}{Time\040discretisation\040of\040semi-discrete\040methods}{subsection.1.2}% 15
\BOOKMARK [2][-]{subsection.1.3}{Spectral\040methods\040for\040the\040diffusion\040equation}{section.1}% 16
\BOOKMARK [3][-]{subsubsection.1.3.1}{Fourier\040spectral\040method}{subsection.1.3}% 17
\BOOKMARK [3][-]{subsubsection.1.3.2}{Fourier\040collocation\040method\040\(Fourier\040pseudospectral\040method\)}{subsection.1.3}% 18
\BOOKMARK [3][-]{subsubsection.1.3.3}{Chebyshev\040collocation\040method}{subsection.1.3}% 19
\BOOKMARK [3][-]{subsubsection.1.3.4}{Chebyshev\040/\040ultraspherical\040spectral\040method}{subsection.1.3}% 20
\BOOKMARK [2][-]{subsection.1.4}{Spectral\040methods\040from\040Chapters\0402\040&\0403\040revisited}{section.1}% 21
\BOOKMARK [3][-]{subsubsection.1.4.1}{Advection\040equation}{subsection.1.4}% 22
\BOOKMARK [3][-]{subsubsection.1.4.2}{Wave\040equation}{subsection.1.4}% 23
\BOOKMARK [2][-]{subsection.1.5}{Concluding\040remarks}{section.1}% 24
