\BOOKMARK [1][-]{section.1}{Orthogonal\040polynomial\040methods\040for\040non-periodic\040functions}{}% 1
\BOOKMARK [2][-]{subsection.1.1}{The\040Runge\040phenomenon\040and\040its\040resolution\040via\040OPs}{section.1}% 2
\BOOKMARK [2][-]{subsection.1.2}{Definition\040of\040orthogonal\040polynomials}{section.1}% 3
\BOOKMARK [3][-]{subsubsection.1.2.1}{Monic\040orthogonal\040polynomials}{subsection.1.2}% 4
\BOOKMARK [3][-]{subsubsection.1.2.2}{Orthonormal\040polynomials}{subsection.1.2}% 5
\BOOKMARK [2][-]{subsection.1.3}{Orthogonal\040polynomials:\040definitions\040and\040properties}{section.1}% 6
\BOOKMARK [2][-]{subsection.1.4}{Function\040approximation\040with\040orthogonal\040polynomials}{section.1}% 7
\BOOKMARK [2][-]{subsection.1.5}{Jacobi\040matrices\040and\040three-term\040recurrences\040for\040general\040orthogonal\040polynomials}{section.1}% 8
\BOOKMARK [3][-]{subsubsection.1.5.1}{Three-term\040recurrence\040relationships}{subsection.1.5}% 9
\BOOKMARK [3][-]{subsubsection.1.5.2}{3-term\040recurrence}{subsection.1.5}% 10
\BOOKMARK [2][-]{subsection.1.6}{Jacobi\040matrices\040and\040multiplication\040by\040x}{section.1}% 11
\BOOKMARK [3][-]{subsubsection.1.6.1}{Jacobi\040matrix}{subsection.1.6}% 12
\BOOKMARK [3][-]{subsubsection.1.6.2}{Evaluating\040polynomials}{subsection.1.6}% 13
\BOOKMARK [2][-]{subsection.1.7}{\376\377\000G\000r\000a\000m\040\023\000S\000c\000h\000m\000i\000d\000t\000\040\000a\000l\000g\000o\000r\000i\000t\000h\000m}{section.1}% 14
\BOOKMARK [2][-]{subsection.1.8}{2.\040Classical\040orthogonal\040polynomials}{section.1}% 15
\BOOKMARK [3][-]{subsubsection.1.8.1}{Chebyshev}{subsection.1.8}% 16
\BOOKMARK [3][-]{subsubsection.1.8.2}{Legendre}{subsection.1.8}% 17
\BOOKMARK [2][-]{subsection.1.9}{Definition\040of\040classical\040orthogonal\040polynomials}{section.1}% 18
\BOOKMARK [2][-]{subsection.1.10}{Legendre,\040Chebyshev,\040and\040ultraspherical\040polynomials}{section.1}% 19
\BOOKMARK [3][-]{subsubsection.1.10.1}{Explicit\040construction\040of\040Chebyshev\040polynomials\040\(first\040kind\040and\040second\040kind\)}{subsection.1.10}% 20
\BOOKMARK [3][-]{subsubsection.1.10.2}{Demonstration}{subsection.1.10}% 21
\BOOKMARK [1][-]{section.2}{Interpolation\040and\040Gaussian\040quadrature}{}% 22
\BOOKMARK [2][-]{subsection.2.1}{1.\040Polynomial\040Interpolation}{section.2}% 23
\BOOKMARK [2][-]{subsection.2.2}{2.\040Roots\040of\040orthogonal\040polynomials\040and\040truncated\040Jacobi\040matrices}{section.2}% 24
\BOOKMARK [2][-]{subsection.2.3}{3.\040Interpolatory\040quadrature\040rules}{section.2}% 25
\BOOKMARK [2][-]{subsection.2.4}{4.\040Gaussian\040quadrature}{section.2}% 26
\BOOKMARK [2][-]{subsection.2.5}{Approximation\040with\040Chebyshev\040polynomials}{section.2}% 27
\BOOKMARK [3][-]{subsubsection.2.5.1}{Exponential\040decay\040of\040Fourier\040coefficients\040of\040periodic,\040analytic\040functions\040revisited}{subsection.2.5}% 28
\BOOKMARK [3][-]{subsubsection.2.5.2}{Exponential\040decay\040of\040Chebyshev\040coefficients\040of\040analytic\040functions}{subsection.2.5}% 29
\BOOKMARK [1][-]{section.3}{Lecture\04020:\040Orthogonal\040polynomials\040and\040differential\040equations}{}% 30
\BOOKMARK [2][-]{subsection.3.1}{Recurrence\040relationships\040for\040Chebyshev\040and\040ultraspherical\040polynomials}{section.3}% 31
\BOOKMARK [3][-]{subsubsection.3.1.1}{Derivatives}{subsection.3.1}% 32
\BOOKMARK [3][-]{subsubsection.3.1.2}{Conversion}{subsection.3.1}% 33
\BOOKMARK [3][-]{subsubsection.3.1.3}{Ultraspherical\040Three-term\040recurrence}{subsection.3.1}% 34
\BOOKMARK [2][-]{subsection.3.2}{Application:\040solving\040differential\040equations}{section.3}% 35
\BOOKMARK [3][-]{subsubsection.3.2.1}{First\040order,\040constant\040coefficient\040differential\040equations}{subsection.3.2}% 36
\BOOKMARK [3][-]{subsubsection.3.2.2}{Second-order\040constant\040coefficient\040equations}{subsection.3.2}% 37
\BOOKMARK [3][-]{subsubsection.3.2.3}{Variable\040coefficients}{subsection.3.2}% 38
\BOOKMARK [1][-]{section.4}{Differential\040equations\040satisfied\040by\040orthogonal\040polynomials}{}% 39
\BOOKMARK [2][-]{subsubsection.4.0.1}{\376\377\000S\000t\000u\000r\000m\040\023\000L\000i\000o\000u\000v\000i\000l\000l\000e\000\040\000o\000p\000e\000r\000a\000t\000o\000r}{section.4}% 40
\BOOKMARK [3][-]{subsubsection.4.0.2}{Weighted\040differentiation\040for\040ultraspherical\040polynomials}{subsubsection.4.0.1}% 41
\BOOKMARK [3][-]{subsubsection.4.0.3}{Eigenvalue\040equation\040for\040Ultraspherical\040polynomials}{subsubsection.4.0.1}% 42
